<?xml version="1.0" encoding="UTF-8"?>
<testng-results ignored="0" total="1" passed="1" failed="0" skipped="0">
  <reporter-output>
  </reporter-output>
  <suite started-at="2022-05-29T18:08:03 IST" name="Suite" finished-at="2022-05-29T18:08:39 IST" duration-ms="36188">
    <groups>
    </groups>
    <test started-at="2022-05-29T18:08:03 IST" name="Test" finished-at="2022-05-29T18:08:39 IST" duration-ms="36188">
      <class name="VootHome">
        <test-method is-config="true" signature="init(java.lang.String,java.lang.String)[pri:0, instance:VootHome@564fabc8]" started-at="2022-05-29T18:08:03 IST" name="init" finished-at="2022-05-29T18:08:10 IST" duration-ms="6836" status="PASS">
          <params>
            <param index="0">
              <value>
                <![CDATA[chrome]]>
              </value>
            </param>
            <param index="1">
              <value>
                <![CDATA[https://www.anz.com.au/personal/home-loans/calculators-tools/much-borrow/]]>
              </value>
            </param>
          </params>
          <reporter-output>
          </reporter-output>
        </test-method> <!-- init -->
        <test-method signature="homePagevalidation()[pri:0, instance:VootHome@564fabc8]" started-at="2022-05-29T18:08:10 IST" name="homePagevalidation" finished-at="2022-05-29T18:08:39 IST" duration-ms="29213" status="PASS">
          <reporter-output>
          </reporter-output>
        </test-method> <!-- homePagevalidation -->
        <test-method is-config="true" signature="quit()[pri:0, instance:VootHome@564fabc8]" started-at="2022-05-29T18:08:39 IST" name="quit" finished-at="2022-05-29T18:08:39 IST" duration-ms="119" status="PASS">
          <reporter-output>
          </reporter-output>
        </test-method> <!-- quit -->
      </class> <!-- VootHome -->
    </test> <!-- Test -->
  </suite> <!-- Suite -->
</testng-results>
